mode: atomic
github.com/jesseduffield/lazygit/pkg/app/app.go:45.43,50.2 4 0
github.com/jesseduffield/lazygit/pkg/app/app.go:52.33,55.16 3 0
github.com/jesseduffield/lazygit/pkg/app/app.go:58.2,58.14 1 0
github.com/jesseduffield/lazygit/pkg/app/app.go:55.16,57.3 1 0
github.com/jesseduffield/lazygit/pkg/app/app.go:61.44,65.16 4 0
github.com/jesseduffield/lazygit/pkg/app/app.go:68.2,69.16 2 0
github.com/jesseduffield/lazygit/pkg/app/app.go:72.2,73.15 2 0
github.com/jesseduffield/lazygit/pkg/app/app.go:65.16,67.3 1 0
github.com/jesseduffield/lazygit/pkg/app/app.go:69.16,71.3 1 0
github.com/jesseduffield/lazygit/pkg/app/app.go:76.59,78.55 2 0
github.com/jesseduffield/lazygit/pkg/app/app.go:86.2,93.4 2 0
github.com/jesseduffield/lazygit/pkg/app/app.go:78.55,80.3 1 0
github.com/jesseduffield/lazygit/pkg/app/app.go:80.8,82.3 1 0
github.com/jesseduffield/lazygit/pkg/app/app.go:97.75,107.16 6 0
github.com/jesseduffield/lazygit/pkg/app/app.go:111.2,120.29 3 0
github.com/jesseduffield/lazygit/pkg/app/app.go:124.2,127.16 3 0
github.com/jesseduffield/lazygit/pkg/app/app.go:131.2,132.16 2 0
github.com/jesseduffield/lazygit/pkg/app/app.go:136.2,139.16 3 0
github.com/jesseduffield/lazygit/pkg/app/app.go:142.2,142.17 1 0
github.com/jesseduffield/lazygit/pkg/app/app.go:107.16,109.3 1 0
github.com/jesseduffield/lazygit/pkg/app/app.go:120.29,122.3 1 0
github.com/jesseduffield/lazygit/pkg/app/app.go:127.16,129.3 1 0
github.com/jesseduffield/lazygit/pkg/app/app.go:132.16,134.3 1 0
github.com/jesseduffield/lazygit/pkg/app/app.go:139.16,141.3 1 0
github.com/jesseduffield/lazygit/pkg/app/app.go:145.44,149.16 3 0
github.com/jesseduffield/lazygit/pkg/app/app.go:153.2,153.31 1 0
github.com/jesseduffield/lazygit/pkg/app/app.go:157.2,157.24 1 0
github.com/jesseduffield/lazygit/pkg/app/app.go:149.16,151.3 1 0
github.com/jesseduffield/lazygit/pkg/app/app.go:153.31,155.3 1 0
github.com/jesseduffield/lazygit/pkg/app/app.go:160.48,165.23 3 5
github.com/jesseduffield/lazygit/pkg/app/app.go:169.2,171.16 3 4
github.com/jesseduffield/lazygit/pkg/app/app.go:174.2,174.22 1 4
github.com/jesseduffield/lazygit/pkg/app/app.go:178.2,178.13 1 2
github.com/jesseduffield/lazygit/pkg/app/app.go:165.23,167.3 1 1
github.com/jesseduffield/lazygit/pkg/app/app.go:171.16,173.3 1 0
github.com/jesseduffield/lazygit/pkg/app/app.go:174.22,176.3 1 2
github.com/jesseduffield/lazygit/pkg/app/app.go:181.43,182.49 1 0
github.com/jesseduffield/lazygit/pkg/app/app.go:186.2,186.30 1 0
github.com/jesseduffield/lazygit/pkg/app/app.go:192.2,192.64 1 0
github.com/jesseduffield/lazygit/pkg/app/app.go:236.2,236.19 1 0
github.com/jesseduffield/lazygit/pkg/app/app.go:182.49,184.3 1 0
github.com/jesseduffield/lazygit/pkg/app/app.go:186.30,189.3 1 0
github.com/jesseduffield/lazygit/pkg/app/app.go:192.64,194.17 2 0
github.com/jesseduffield/lazygit/pkg/app/app.go:197.3,198.34 2 0
github.com/jesseduffield/lazygit/pkg/app/app.go:202.3,204.33 3 0
github.com/jesseduffield/lazygit/pkg/app/app.go:215.3,215.22 1 0
github.com/jesseduffield/lazygit/pkg/app/app.go:231.3,231.65 1 0
github.com/jesseduffield/lazygit/pkg/app/app.go:194.17,196.4 1 0
github.com/jesseduffield/lazygit/pkg/app/app.go:198.34,200.4 1 0
github.com/jesseduffield/lazygit/pkg/app/app.go:204.33,208.44 3 0
github.com/jesseduffield/lazygit/pkg/app/app.go:208.44,210.5 1 0
github.com/jesseduffield/lazygit/pkg/app/app.go:211.9,211.38 1 0
github.com/jesseduffield/lazygit/pkg/app/app.go:211.38,213.4 1 0
github.com/jesseduffield/lazygit/pkg/app/app.go:215.22,218.28 2 0
github.com/jesseduffield/lazygit/pkg/app/app.go:229.4,229.14 1 0
github.com/jesseduffield/lazygit/pkg/app/app.go:218.28,221.41 2 0
github.com/jesseduffield/lazygit/pkg/app/app.go:226.5,226.22 1 0
github.com/jesseduffield/lazygit/pkg/app/app.go:221.41,222.45 1 0
github.com/jesseduffield/lazygit/pkg/app/app.go:222.45,224.7 1 0
github.com/jesseduffield/lazygit/pkg/app/app.go:231.65,233.4 1 0
github.com/jesseduffield/lazygit/pkg/app/app.go:239.29,240.47 1 0
github.com/jesseduffield/lazygit/pkg/app/app.go:244.2,244.45 1 0
github.com/jesseduffield/lazygit/pkg/app/app.go:248.2,249.12 2 0
github.com/jesseduffield/lazygit/pkg/app/app.go:240.47,242.3 1 0
github.com/jesseduffield/lazygit/pkg/app/app.go:244.45,246.3 1 0
github.com/jesseduffield/lazygit/pkg/app/app.go:252.22,254.15 2 0
github.com/jesseduffield/lazygit/pkg/app/app.go:257.2,257.12 1 0
github.com/jesseduffield/lazygit/pkg/app/app.go:254.15,256.3 1 0
github.com/jesseduffield/lazygit/pkg/app/app.go:262.32,266.54 3 0
github.com/jesseduffield/lazygit/pkg/app/app.go:278.2,278.12 1 0
github.com/jesseduffield/lazygit/pkg/app/app.go:266.54,267.102 1 0
github.com/jesseduffield/lazygit/pkg/app/app.go:267.102,269.4 1 0
github.com/jesseduffield/lazygit/pkg/app/app.go:271.8,271.85 1 0
github.com/jesseduffield/lazygit/pkg/app/app.go:271.86,274.3 0 0
github.com/jesseduffield/lazygit/pkg/app/app.go:274.8,276.3 1 0
github.com/jesseduffield/lazygit/pkg/app/app.go:282.31,283.37 1 0
github.com/jesseduffield/lazygit/pkg/app/app.go:289.2,289.12 1 0
github.com/jesseduffield/lazygit/pkg/app/app.go:283.37,285.17 2 0
github.com/jesseduffield/lazygit/pkg/app/app.go:285.17,287.4 1 0
github.com/jesseduffield/lazygit/pkg/app/app.go:293.54,298.45 3 0
github.com/jesseduffield/lazygit/pkg/app/app.go:304.2,311.35 2 0
github.com/jesseduffield/lazygit/pkg/app/app.go:316.2,316.18 1 0
github.com/jesseduffield/lazygit/pkg/app/app.go:298.45,299.30 1 0
github.com/jesseduffield/lazygit/pkg/app/app.go:299.30,301.4 1 0
github.com/jesseduffield/lazygit/pkg/app/app.go:311.35,312.60 1 0
github.com/jesseduffield/lazygit/pkg/app/app.go:312.60,314.4 1 0
github.com/jesseduffield/lazygit/pkg/app/app.go:319.17,321.16 2 0
github.com/jesseduffield/lazygit/pkg/app/app.go:325.2,331.16 5 0
github.com/jesseduffield/lazygit/pkg/app/app.go:338.2,338.40 1 0
github.com/jesseduffield/lazygit/pkg/app/app.go:321.16,323.3 1 0
github.com/jesseduffield/lazygit/pkg/app/app.go:331.16,332.25 1 0
github.com/jesseduffield/lazygit/pkg/app/app.go:335.3,335.17 1 0
github.com/jesseduffield/lazygit/pkg/app/app.go:332.25,334.4 1 0
github.com/jesseduffield/lazygit/pkg/app/logging_windows.go:15.77,18.6 3 0
github.com/jesseduffield/lazygit/pkg/app/logging_windows.go:18.6,20.17 2 0
github.com/jesseduffield/lazygit/pkg/app/logging_windows.go:23.3,23.43 1 0
github.com/jesseduffield/lazygit/pkg/app/logging_windows.go:29.3,30.30 2 0
github.com/jesseduffield/lazygit/pkg/app/logging_windows.go:20.17,22.4 1 0
github.com/jesseduffield/lazygit/pkg/app/logging_windows.go:23.43,25.18 2 0
github.com/jesseduffield/lazygit/pkg/app/logging_windows.go:25.18,27.5 1 0
github.com/jesseduffield/lazygit/pkg/app/logging_windows.go:34.67,36.16 2 0
github.com/jesseduffield/lazygit/pkg/app/logging_windows.go:40.2,41.16 2 0
github.com/jesseduffield/lazygit/pkg/app/logging_windows.go:45.2,45.18 1 0
github.com/jesseduffield/lazygit/pkg/app/logging_windows.go:36.16,38.3 1 0
github.com/jesseduffield/lazygit/pkg/app/logging_windows.go:41.16,44.3 2 0
github.com/jesseduffield/lazygit/pkg/app/logging_windows.go:48.90,50.16 2 0
github.com/jesseduffield/lazygit/pkg/app/logging_windows.go:54.2,56.25 3 0
github.com/jesseduffield/lazygit/pkg/app/logging_windows.go:59.2,62.20 4 0
github.com/jesseduffield/lazygit/pkg/app/logging_windows.go:65.2,65.31 1 0
github.com/jesseduffield/lazygit/pkg/app/logging_windows.go:71.2,71.12 1 0
github.com/jesseduffield/lazygit/pkg/app/logging_windows.go:50.16,52.3 1 0
github.com/jesseduffield/lazygit/pkg/app/logging_windows.go:56.25,58.3 1 0
github.com/jesseduffield/lazygit/pkg/app/logging_windows.go:62.20,64.3 1 0
github.com/jesseduffield/lazygit/pkg/app/logging_windows.go:65.31,67.67 2 0
github.com/jesseduffield/lazygit/pkg/app/logging_windows.go:67.67,69.4 1 0
